2023-12-28 22:12:431 INFO  ManageBrowser :31 - Chrome Browser Launch....
2023-12-28 22:12:113 INFO  ManageBrowser :24 - Login to your account text[[ChromeDriver: chrome on windows (9b9e1358656fef28dcfb15eb62d54364)] -> xpath: //h2[text()='New User Signup!']]
2023-12-28 22:12:91 INFO  ManageBrowser :31 - Chrome Browser Launch....
2023-12-28 22:12:355 INFO  ManageBrowser :24 - New User Signup![[ChromeDriver: chrome on windows (443b89cd37834c2e79da7a38b318c389)] -> xpath: //h2[text()='New User Signup!']]
2023-12-28 22:12:646 INFO  ManageBrowser :31 - Chrome Browser Launch....
2023-12-28 22:12:719 INFO  ManageBrowser :24 - New User Signup![[ChromeDriver: chrome on windows (851b3e4bf95bc337ec01f0d8ae91a975)] -> xpath: //h2[text()='New User Signup!']]
2023-12-28 22:12:111 INFO  ManageBrowser :31 - Chrome Browser Launch....
2023-12-28 22:12:86 INFO  ManageBrowser :24 - Login to your account[[ChromeDriver: chrome on windows (d9234f71468b3a4298985e445a035677)] -> xpath: //h2[text()='New User Signup!']]
2023-12-28 22:12:510 INFO  ManageBrowser :31 - Chrome Browser Launch....
2023-12-28 22:12:05 INFO  ManageBrowser :24 - Login to your account[[ChromeDriver: chrome on windows (611ac234dfc89777196fcce0125c153d)] -> xpath: //h2[normalize-space()='Login to your account']]
2023-12-28 22:12:721 INFO  ManageBrowser :31 - Chrome Browser Launch....
2023-12-28 22:12:687 INFO  ManageBrowser :24 - Login to your account[[ChromeDriver: chrome on windows (d3369be966ab8a388a1d3f94b3b8f59b)] -> xpath: //h2[normalize-space()='Login to your account']]
2023-12-28 22:12:581 INFO  ManageBrowser :31 - Chrome Browser Launch....
2023-12-28 23:12:425 INFO  ManageBrowser :31 - Chrome Browser Launch....
2023-12-28 23:12:621 INFO  ManageBrowser :24 - Login to your account[[ChromeDriver: chrome on windows (f925643abd72438fbf7344738729bc2f)] -> xpath: //h2[normalize-space()='Login to your account']]
2023-12-28 23:12:744 INFO  ManageBrowser :31 - Chrome Browser Launch....
2023-12-28 23:12:972 INFO  ManageBrowser :31 - Chrome Browser Launch....
2023-12-28 23:12:224 INFO  ManageBrowser :34 - Firefox Browser Launch....
2023-12-28 23:12:743 INFO  ManageBrowser :24 - Login to your account[[FirefoxDriver: firefox on windows (a840164b-8286-4131-b037-185d4e957493)] -> xpath: //h2[normalize-space()='Login to your account']]
2023-12-28 23:12:54 INFO  ManageBrowser :78 - Your email or password is incorrect! textProxy element for: DefaultElementLocator 'By.xpath: //p[normalize-space()='Your email or password is incorrect!']'
2023-12-28 23:12:446 INFO  ManageBrowser :34 - Firefox Browser Launch....
2023-12-28 23:12:245 INFO  ManageBrowser :24 - Login to your account[[FirefoxDriver: firefox on windows (8c178995-f37a-4683-9566-3f4812040aa2)] -> xpath: //h2[text()='Login to your account']]
2023-12-28 23:12:519 INFO  ManageBrowser :78 - Your email or password is incorrect! textProxy element for: DefaultElementLocator 'By.xpath: //p[normalize-space()='Your email or password is incorrect!']'
2023-12-28 23:12:705 INFO  ManageBrowser :34 - Firefox Browser Launch....
2023-12-28 23:12:931 INFO  ManageBrowser :24 - Login to your account[[FirefoxDriver: firefox on windows (23948cb5-dc64-41c1-b022-b127b175e5d5)] -> xpath: //h2[text()='Login to your account']]
2023-12-28 23:12:219 INFO  ManageBrowser :78 - Your email or password is incorrect! textProxy element for: DefaultElementLocator 'By.xpath: //p[normalize-space()='Your email or password is incorrect!']'
2023-12-28 23:12:38 INFO  ManageBrowser :34 - Firefox Browser Launch....
2023-12-28 23:12:646 INFO  ManageBrowser :24 - Login to your account[[FirefoxDriver: firefox on windows (6614bfdf-af65-4438-9c3b-380de181038f)] -> xpath: //h2[text()='Login to your account']]
2023-12-28 23:12:953 INFO  ManageBrowser :78 - Your email or password is incorrect! textProxy element for: DefaultElementLocator 'By.xpath: //p[normalize-space()='Your email or password is incorrect!']'
2023-12-29 01:12:95 INFO  ManageBrowser :34 - Firefox Browser Launch....
2023-12-29 01:12:346 INFO  ManageBrowser :24 - Login to your account[[FirefoxDriver: firefox on windows (5dacea3b-1447-4239-bdca-aa6991242d26)] -> xpath: //h2[text()='Login to your account']]
2023-12-29 01:12:718 INFO  ManageBrowser :44 - Logged in as Jo textProxy element for: DefaultElementLocator 'By.cssSelector: li:nth-child(10) a:nth-child(1)'
2023-12-29 01:12:611 INFO  ManageBrowser :34 - Firefox Browser Launch....
2023-12-29 01:12:552 INFO  ManageBrowser :34 - Firefox Browser Launch....
2023-12-29 01:12:549 INFO  ManageBrowser :48 - Login to your account[[FirefoxDriver: firefox on windows (ffa23c6a-4a4b-4fa1-8b19-83f442cb2312)] -> xpath: //h2[text()='Login to your account']]
2023-12-29 02:12:985 INFO  ManageBrowser :34 - Firefox Browser Launch....
2023-12-29 02:12:362 INFO  ManageBrowser :42 - Getting New User Signup! text[[FirefoxDriver: firefox on windows (8ed5f969-62e5-496b-a844-c8ee2f2382e5)] -> xpath: //h2[text()='New User Signup!']]
2023-12-29 02:12:717 INFO  ManageBrowser :59 - Email Address already exist! textProxy element for: DefaultElementLocator 'By.xpath: //p[normalize-space()='Email Address already exist!']'
2023-12-30 11:12:394 INFO  ManageBrowser :34 - Firefox Browser Launch....
2023-12-30 11:12:338 INFO  ManageBrowser :42 - Getting New User Signup! text[[FirefoxDriver: firefox on windows (b6663e36-b771-4d68-b99f-051fc19c84f9)] -> xpath: //h2[text()='New User Signup!']]
2023-12-30 11:12:640 INFO  ManageBrowser :59 - Email Address already exist! textProxy element for: DefaultElementLocator 'By.xpath: //p[normalize-space()='Email Address already exist!']'
2023-12-31 14:12:380 INFO  ManageBrowser :34 - Firefox Browser Launch....
2023-12-31 14:12:474 INFO  ManageBrowser :34 - Firefox Browser Launch....
2024-01-01 14:01:793 INFO  ManageBrowser :34 - Firefox Browser Launch....
2024-01-01 20:01:574 INFO  ManageBrowser :34 - Firefox Browser Launch....
2024-01-01 20:01:732 INFO  ManageBrowser :70 - Rs. 500Proxy element for: DefaultElementLocator 'By.xpath: //span[normalize-space()='Rs. 500']'
